<?xml version="1.0" encoding="UTF-8"?>
<!-- Generated by org.testng.reporters.JUnitXMLReporter -->
<testsuite ignored="1" hostname="DESKTOP-A11BB6J" failures="0" tests="12" name="SanityTEsting" time="5.831" errors="0" timestamp="2022-07-25T18:53:13 IST">
  <testcase classname="Test.TestNGAnnotations" name="m7" time="0.007"/>
  <testcase classname="Test.TestNGAnnotations" name="m1" time="0.001"/>
  <testcase classname="Test.TestNGAnnotations" name="m1" time="0.001"/>
  <testcase classname="Test.TestNGAnnotations" name="m2" time="0.006"/>
  <testcase classname="Test.TestNGAnnotations" name="m3" time="0.001"/>
  <testcase classname="Test.TestNGAnnotations" name="m4" time="0.002"/>
  <testcase classname="Test.TestNGAnnotations" name="m5" time="0.001"/>
  <testcase classname="Test.TestNGAnnotations" name="m6" time="0.002"/>
  <testcase classname="Test.FacebookLoginByTestNG" name="m1" time="5.401"/>
  <testcase classname="Test.FacebookLoginByTestNG" name="m2" time="0.153"/>
  <testcase classname="Test.FacebookLoginByTestNG" name="m3" time="0.118"/>
  <testcase classname="Test.FacebookLoginByTestNG" name="m4" time="0.073"/>
  <testcase classname="Test.TestNGAnnotations" name="m8" time="0.0">
    <ignored/>
  </testcase> <!-- m8 -->
</testsuite> <!-- SanityTEsting -->
